C51 COMPILER V9.00   MAIN                                                                  01/22/2021 23:31:21 PAGE 1   


C51 COMPILER V9.00, COMPILATION OF MODULE MAIN
OBJECT MODULE PLACED IN main.OBJ
COMPILER INVOKED BY: D:\Keil5\C51\BIN\C51.EXE main.c BROWSE DEBUG OBJECTEXTEND TABS(2)

line level    source

   1          #include "reg51.h" 
   2          #include "stdio.h"
   3          #define uint unsigned int
   4          #define uchar unsigned char
   5          #define KEY P1
   6          sbit RS=P2^6;
   7          sbit RW=P2^5;
   8          sbit E=P2^7;
   9          void delay(uint n)//延时函数
  10          {
  11   1        uint x,y;
  12   1        for(x=n;x>0;x--)
  13   1           for(y=110;y>0;y--);
  14   1      }
  15          void wcomlcd(uchar com)//1602显示屏写命令
  16          {
  17   1        RS=0;
  18   1        RW=0;
  19   1        P0=com;//命令送入P0
  20   1        delay(5);//延时用于接受数据
  21   1        E=1;
  22   1        E=0;
  23   1      }
  24          void wdatlcd(uchar dat)//1602显示屏写数据
  25          {
  26   1        RS=1;
  27   1        RW=0;
  28   1        P0=dat;
  29   1        delay(5);//延时用于接受数据
  30   1        E=1;
  31   1        E=0;
  32   1      }
  33          void initlcd()//1602显示屏初始化
  34          {
  35   1        wcomlcd(0x38);
  36   1        wcomlcd(0x0c);//开启显示屏，关光标，光标不闪烁
  37   1        wcomlcd(0x06);//显示地址递增，写第一个数据后显示位置会右移一位
  38   1        wcomlcd(0x01);//清屏
  39   1      }
  40          int keyscan()
  41          {
  42   1        uchar i=0;
  43   1        uint keyvalue;
  44   1        KEY=0x0f;//00001111
  45   1        if(KEY!=0x0f)
  46   1        {
  47   2          delay(100);//软件消抖
  48   2          if(KEY!=0x0f)
  49   2          {
  50   3            KEY=0x0f;
  51   3            switch(KEY)//列查找
  52   3            {
  53   4              case(0x07):keyvalue=1;break;
  54   4              case(0x0b):keyvalue=2;break;
  55   4              case(0x0d):keyvalue=3;break;
C51 COMPILER V9.00   MAIN                                                                  01/22/2021 23:31:21 PAGE 2   

  56   4              case(0x0e):keyvalue=4;break;
  57   4            }
  58   3            KEY=0xf0;
  59   3            switch(KEY)//行查找
  60   3            {
  61   4              case(0x70):keyvalue=keyvalue;break;
  62   4              case(0xb0):keyvalue=keyvalue+4;break;
  63   4              case(0xd0):keyvalue=keyvalue+8;break;
  64   4              case(0xe0):keyvalue=keyvalue+12;break;
  65   4            }
  66   3          }
  67   2        }
  68   1        while((i<50)&&(KEY!=0xf0))//检测按键松手
  69   1        {
  70   2          delay(5);
  71   2          i++;
  72   2        }
  73   1        return keyvalue;
  74   1      }
  75          void main()
  76          {
  77   1        uint k,ii,f,y1,y2,y3,ch,ad[6]={0};
  78   1        uint d=0,g=0,i=1,z=0,x2=0,r[4]={0},w[4]={0};
  79   1        uchar x1,adc[8];
  80   1        initlcd();//显示屏初始化
  81   1        wcomlcd(0x80);//显示地址设为80H(即00H) 上排第一位
  82   1        delay(5);
  83   1        while(1)
  84   1        {
  85   2          KEY=0x0f;
  86   2          if(KEY!=0x0f)
  87   2          {
  88   3            k=keyscan();
  89   3            switch(k)
  90   3            {
  91   4              case 1:x1='1';x2=1;break;
  92   4              case 2:x1='2';x2=2;break;
  93   4              case 3:x1='3';x2=3;break;
  94   4              case 4:x1='+';d=1;break;
  95   4              case 5:x1='4';x2=4;break;
  96   4              case 6:x1='5';x2=5;break;
  97   4              case 7:x1='6';x2=6;break;
  98   4              case 8:x1='-';d=2;break;
  99   4              case 9:x1='7';x2=7;break;
 100   4              case 10:x1='8';x2=8;break;
 101   4              case 11:x1='9';x2=9;break;
 102   4              case 12:x1='*';d=3;break;
 103   4              case 13:x1='C';z=1;break;
 104   4              case 14:x1='0';x2=0;break;
 105   4              case 15:x1='=';z=2;break;
 106   4              case 16:x1='/';d=4;break;
 107   4            }
 108   3            wdatlcd(x1);
 109   3            if(z==2)
 110   3            {
 111   4              if(i==3) ch=w[3],w[3]=w[2],w[2]=ch;
 112   4              if(i==4) ch=w[3],w[3]=w[1],w[1]=ch;
 113   4              if(i==5) ch=w[3],w[3]=w[0],w[0]=ch,ch=w[2],w[2]=w[1],w[1]=ch;
 114   4            y1=r[3]+r[2]*10+r[1]*100+r[0]*1000;
 115   4            y2=w[3]+w[2]*10+w[1]*100+w[0]*1000;
 116   4               switch(g)
 117   4               {
C51 COMPILER V9.00   MAIN                                                                  01/22/2021 23:31:21 PAGE 3   

 118   5                 case 1:y3=y1+y2;break;
 119   5                 case 2:y3=y1-y2;break;
 120   5                 case 3:y3=y1*y2;break;
 121   5                 case 4:y3=y1/y2;break;
 122   5               }
 123   4               ad[0]=y3/100000%10;
 124   4               ad[1]=y3/10000%10;
 125   4               ad[2]=y3/1000%10;
 126   4               ad[3]=y3/100%10;
 127   4               ad[4]=y3/10%10;
 128   4               ad[5]=y3%10;
 129   4               for(f=0;f<8;f++)
 130   4               {
 131   5                  switch(ad[f])
 132   5                  {
 133   6                    case 1:adc[f]='1';break;
 134   6                    case 2:adc[f]='2';break;
 135   6                    case 3:adc[f]='3';break;
 136   6                    case 4:adc[f]='4';break;
 137   6                    case 5:adc[f]='5';break;
 138   6                    case 6:adc[f]='6';break;
 139   6                    case 7:adc[f]='7';break;
 140   6                    case 8:adc[f]='8';break;
 141   6                    case 9:adc[f]='9';break;
 142   6                    case 0:adc[f]='0';break;
 143   6                    default:adc[f]='0';break;
 144   6                  }
 145   5               }
 146   4              wcomlcd(0x80+0x40);
 147   4              for(ii=0;ii<6;ii++)
 148   4                wdatlcd(adc[ii]);
 149   4               z=0;
 150   4            }
 151   3            if(d==0)
 152   3            {
 153   4              r[4-i]=x2;
 154   4              i++;
 155   4            }
 156   3            if(d==5)
 157   3            {
 158   4              w[4-i]=x2;
 159   4              i++;
 160   4            }
 161   3            
 162   3            if(d==1||d==2||d==3||d==4) 
 163   3            {
 164   4              if(i==3) ch=r[3],r[3]=r[2],r[2]=ch;
 165   4              if(i==4) ch=r[3],r[3]=r[1],r[1]=ch;
 166   4              if(i==5) ch=r[3],r[3]=r[0],r[0]=ch,ch=r[2],r[2]=r[1],r[1]=ch;
 167   4              g=d,d=5,i=1;
 168   4            }
 169   3            if(z==1) 
 170   3            {
 171   4              initlcd();wcomlcd(0x80);z=0;
 172   4              for(ii=0;ii<8;ii++)
 173   4                adc[ii]='0';
 174   4              for(ii=0;ii<7;ii++)
 175   4                {r[ii]=0;w[ii]=0;}
 176   4                d=0,g=0,i=1,z=0,x2=0;
 177   4            }
 178   3          }
 179   2        }
C51 COMPILER V9.00   MAIN                                                                  01/22/2021 23:31:21 PAGE 4   

 180   1      }


MODULE INFORMATION:   STATIC OVERLAYABLE
   CODE SIZE        =   1500    ----
   CONSTANT SIZE    =     28    ----
   XDATA SIZE       =   ----    ----
   PDATA SIZE       =   ----    ----
   DATA SIZE        =   ----      56
   IDATA SIZE       =   ----    ----
   BIT SIZE         =   ----    ----
END OF MODULE INFORMATION.


C51 COMPILATION COMPLETE.  0 WARNING(S),  0 ERROR(S)
